d:\workspace_2\fimm\myats\base\thrift\lib\windows_release\vc120.pdb
d:\workspace_2\fimm\myats\base\thrift\zlib-1.2.8\contrib\vstudio\vc11\x86\zlibstatrelease\tmp\zlib.res
d:\workspace_2\fimm\myats\base\thrift\zlib-1.2.8\contrib\vstudio\vc11\x86\zlibstatrelease\tmp\adler32.obj
d:\workspace_2\fimm\myats\base\thrift\zlib-1.2.8\contrib\vstudio\vc11\x86\zlibstatrelease\tmp\compress.obj
d:\workspace_2\fimm\myats\base\thrift\zlib-1.2.8\contrib\vstudio\vc11\x86\zlibstatrelease\tmp\crc32.obj
d:\workspace_2\fimm\myats\base\thrift\zlib-1.2.8\contrib\vstudio\vc11\x86\zlibstatrelease\tmp\deflate.obj
d:\workspace_2\fimm\myats\base\thrift\zlib-1.2.8\contrib\vstudio\vc11\x86\zlibstatrelease\tmp\gzclose.obj
d:\workspace_2\fimm\myats\base\thrift\zlib-1.2.8\contrib\vstudio\vc11\x86\zlibstatrelease\tmp\gzlib.obj
d:\workspace_2\fimm\myats\base\thrift\zlib-1.2.8\contrib\vstudio\vc11\x86\zlibstatrelease\tmp\gzread.obj
d:\workspace_2\fimm\myats\base\thrift\zlib-1.2.8\contrib\vstudio\vc11\x86\zlibstatrelease\tmp\gzwrite.obj
d:\workspace_2\fimm\myats\base\thrift\zlib-1.2.8\contrib\vstudio\vc11\x86\zlibstatrelease\tmp\infback.obj
d:\workspace_2\fimm\myats\base\thrift\zlib-1.2.8\contrib\vstudio\vc11\x86\zlibstatrelease\tmp\inffast.obj
d:\workspace_2\fimm\myats\base\thrift\zlib-1.2.8\contrib\vstudio\vc11\x86\zlibstatrelease\tmp\inflate.obj
d:\workspace_2\fimm\myats\base\thrift\zlib-1.2.8\contrib\vstudio\vc11\x86\zlibstatrelease\tmp\inftrees.obj
d:\workspace_2\fimm\myats\base\thrift\zlib-1.2.8\contrib\vstudio\vc11\x86\zlibstatrelease\tmp\ioapi.obj
d:\workspace_2\fimm\myats\base\thrift\zlib-1.2.8\contrib\vstudio\vc11\x86\zlibstatrelease\tmp\trees.obj
d:\workspace_2\fimm\myats\base\thrift\zlib-1.2.8\contrib\vstudio\vc11\x86\zlibstatrelease\tmp\uncompr.obj
d:\workspace_2\fimm\myats\base\thrift\zlib-1.2.8\contrib\vstudio\vc11\x86\zlibstatrelease\tmp\unzip.obj
d:\workspace_2\fimm\myats\base\thrift\zlib-1.2.8\contrib\vstudio\vc11\x86\zlibstatrelease\tmp\zip.obj
d:\workspace_2\fimm\myats\base\thrift\zlib-1.2.8\contrib\vstudio\vc11\x86\zlibstatrelease\tmp\zutil.obj
d:\workspace_2\fimm\myats\base\thrift\zlib-1.2.8\contrib\vstudio\vc11\..\..\..\..\lib\windows_release\zlibstat.lib
d:\workspace_2\fimm\myats\base\thrift\zlib-1.2.8\contrib\vstudio\vc11\x86\zlibstatrelease\tmp\zlibstat.tlog\cl.command.1.tlog
d:\workspace_2\fimm\myats\base\thrift\zlib-1.2.8\contrib\vstudio\vc11\x86\zlibstatrelease\tmp\zlibstat.tlog\cl.read.1.tlog
d:\workspace_2\fimm\myats\base\thrift\zlib-1.2.8\contrib\vstudio\vc11\x86\zlibstatrelease\tmp\zlibstat.tlog\cl.write.1.tlog
d:\workspace_2\fimm\myats\base\thrift\zlib-1.2.8\contrib\vstudio\vc11\x86\zlibstatrelease\tmp\zlibstat.tlog\lib-link.read.1.tlog
d:\workspace_2\fimm\myats\base\thrift\zlib-1.2.8\contrib\vstudio\vc11\x86\zlibstatrelease\tmp\zlibstat.tlog\lib-link.write.1.tlog
d:\workspace_2\fimm\myats\base\thrift\zlib-1.2.8\contrib\vstudio\vc11\x86\zlibstatrelease\tmp\zlibstat.tlog\lib.command.1.tlog
d:\workspace_2\fimm\myats\base\thrift\zlib-1.2.8\contrib\vstudio\vc11\x86\zlibstatrelease\tmp\zlibstat.tlog\rc.command.1.tlog
d:\workspace_2\fimm\myats\base\thrift\zlib-1.2.8\contrib\vstudio\vc11\x86\zlibstatrelease\tmp\zlibstat.tlog\rc.read.1.tlog
d:\workspace_2\fimm\myats\base\thrift\zlib-1.2.8\contrib\vstudio\vc11\x86\zlibstatrelease\tmp\zlibstat.tlog\rc.write.1.tlog
