生成启动时间为 2018/4/9 星期一 下午 7:46:37。
     1>项目“D:\WorkSpace_2\FIMM\MyATS\base\thrift\zlib-1.2.8\contrib\vstudio\vc11\zlibstat.vcxproj”在节点 2 上(Rebuild 个目标)。
     1>ClCompile:
         C:\Program Files (x86)\Microsoft Visual Studio 12.0\VC\bin\CL.exe /c /I..\..\.. /I..\..\masmx86 /Z7 /nologo /W3 /WX- /MP /Od /Oy- /D WIN32 /D _CRT_NONSTDC_NO_DEPRECATE /D _CRT_SECURE_NO_DEPRECATE /D _CRT_NONSTDC_NO_WARNINGS /D GZIP /D _UNICODE /D UNICODE /Gm- /MDd /GS- /fp:precise /Zc:wchar_t /Zc:forScope /Fo"x86\ZlibStatDebug\Tmp\\" /Fd"..\..\..\..\lib\windows_Debug\vc120.pdb" /Gd /TC /analyze- /errorReport:prompt ..\..\..\adler32.c ..\..\..\compress.c ..\..\..\crc32.c ..\..\..\deflate.c ..\..\..\gzclose.c ..\..\..\gzlib.c ..\..\..\gzread.c ..\..\..\gzwrite.c ..\..\..\infback.c ..\..\..\inffast.c ..\..\..\inflate.c ..\..\..\inftrees.c ..\..\minizip\ioapi.c ..\..\..\trees.c ..\..\..\uncompr.c ..\..\minizip\unzip.c ..\..\minizip\zip.c ..\..\..\zutil.c
         adler32.c
         compress.c
         crc32.c
         deflate.c
         gzclose.c
         gzlib.c
         gzread.c
         gzwrite.c
         infback.c
         inffast.c
         inflate.c
     1>d:\workspace_2\fimm\myats\base\thrift\zlib-1.2.8\deflate.h(23): warning C4005: “GZIP”: 宏重定义 (..\..\..\deflate.c)
                 命令行参数: 参见前面的“GZIP”定义
     1>d:\workspace_2\fimm\myats\base\thrift\zlib-1.2.8\gzguts.h(158): warning C4005: “GZIP”: 宏重定义 (..\..\..\gzread.c)
                 命令行参数: 参见前面的“GZIP”定义
     1>d:\workspace_2\fimm\myats\base\thrift\zlib-1.2.8\gzguts.h(158): warning C4005: “GZIP”: 宏重定义 (..\..\..\gzclose.c)
                 命令行参数: 参见前面的“GZIP”定义
     1>d:\workspace_2\fimm\myats\base\thrift\zlib-1.2.8\gzguts.h(158): warning C4005: “GZIP”: 宏重定义 (..\..\..\gzwrite.c)
                 命令行参数: 参见前面的“GZIP”定义
     1>d:\workspace_2\fimm\myats\base\thrift\zlib-1.2.8\gzguts.h(158): warning C4005: “GZIP”: 宏重定义 (..\..\..\gzlib.c)
                 命令行参数: 参见前面的“GZIP”定义
         inftrees.c
         ioapi.c
         trees.c
         uncompr.c
         unzip.c
         zip.c
         zutil.c
     1>d:\workspace_2\fimm\myats\base\thrift\zlib-1.2.8\deflate.h(23): warning C4005: “GZIP”: 宏重定义 (..\..\..\trees.c)
                 命令行参数: 参见前面的“GZIP”定义
     1>d:\workspace_2\fimm\myats\base\thrift\zlib-1.2.8\gzguts.h(158): warning C4005: “GZIP”: 宏重定义 (..\..\..\zutil.c)
                 命令行参数: 参见前面的“GZIP”定义
       ResourceCompile:
         C:\Program Files (x86)\Windows Kits\8.1\bin\x86\rc.exe /D _UNICODE /D UNICODE /l"0x040c" /nologo /fo"x86\ZlibStatDebug\Tmp\zlib.res" zlib.rc 
       Lib:
         C:\Program Files (x86)\Microsoft Visual Studio 12.0\VC\bin\Lib.exe /OUT:"..\..\..\..\lib\windows_Debug\zlibstat.lib" /NOLOGO /MACHINE:X86 /NODEFAULTLIB x86\ZlibStatDebug\Tmp\zlib.res
         x86\ZlibStatDebug\Tmp\adler32.obj
         x86\ZlibStatDebug\Tmp\compress.obj
         x86\ZlibStatDebug\Tmp\crc32.obj
         x86\ZlibStatDebug\Tmp\deflate.obj
         x86\ZlibStatDebug\Tmp\gzclose.obj
         x86\ZlibStatDebug\Tmp\gzlib.obj
         x86\ZlibStatDebug\Tmp\gzread.obj
         x86\ZlibStatDebug\Tmp\gzwrite.obj
         x86\ZlibStatDebug\Tmp\infback.obj
         x86\ZlibStatDebug\Tmp\inffast.obj
         x86\ZlibStatDebug\Tmp\inflate.obj
         x86\ZlibStatDebug\Tmp\inftrees.obj
         x86\ZlibStatDebug\Tmp\ioapi.obj
         x86\ZlibStatDebug\Tmp\trees.obj
         x86\ZlibStatDebug\Tmp\uncompr.obj
         x86\ZlibStatDebug\Tmp\unzip.obj
         x86\ZlibStatDebug\Tmp\zip.obj
         x86\ZlibStatDebug\Tmp\zutil.obj
         zlibstat.vcxproj -> D:\WorkSpace_2\FIMM\MyATS\base\thrift\zlib-1.2.8\contrib\vstudio\vc11\..\..\..\..\lib\windows_Debug\zlibstat.lib
     1>已完成生成项目“D:\WorkSpace_2\FIMM\MyATS\base\thrift\zlib-1.2.8\contrib\vstudio\vc11\zlibstat.vcxproj”(Rebuild 个目标)的操作。

生成成功。

已用时间 00:00:01.26
