e:\gitspace\myats\terra\thrift_include\zlib-1.2.8\contrib\vstudio\vc11\x86\zlibstatdebug\tmp\gzwrite.obj
e:\gitspace\myats\terra\thrift_include\zlib-1.2.8\contrib\vstudio\vc11\x86\zlibstatdebug\tmp\unzip.obj
e:\gitspace\myats\terra\thrift_include\zlib-1.2.8\contrib\vstudio\vc11\x86\zlibstatdebug\tmp\adler32.obj
e:\gitspace\myats\terra\thrift_include\zlib-1.2.8\contrib\vstudio\vc11\x86\zlibstatdebug\tmp\inffast.obj
e:\gitspace\myats\terra\thrift_include\zlib-1.2.8\contrib\vstudio\vc11\x86\zlibstatdebug\tmp\ioapi.obj
e:\gitspace\myats\terra\thrift_include\zlib-1.2.8\contrib\vstudio\vc11\x86\zlibstatdebug\tmp\deflate.obj
e:\gitspace\myats\terra\thrift_include\zlib-1.2.8\contrib\vstudio\vc11\x86\zlibstatdebug\tmp\zutil.obj
e:\gitspace\myats\terra\thrift_include\zlib-1.2.8\contrib\vstudio\vc11\x86\zlibstatdebug\tmp\compress.obj
e:\gitspace\myats\terra\thrift_include\zlib-1.2.8\contrib\vstudio\vc11\x86\zlibstatdebug\tmp\infback.obj
e:\gitspace\myats\terra\thrift_include\zlib-1.2.8\contrib\vstudio\vc11\x86\zlibstatdebug\tmp\inftrees.obj
e:\gitspace\myats\terra\thrift_include\zlib-1.2.8\contrib\vstudio\vc11\x86\zlibstatdebug\tmp\gzlib.obj
e:\gitspace\myats\terra\thrift_include\zlib-1.2.8\contrib\vstudio\vc11\x86\zlibstatdebug\tmp\uncompr.obj
e:\gitspace\myats\terra\thrift_include\zlib-1.2.8\contrib\vstudio\vc11\x86\zlibstatdebug\tmp\gzread.obj
e:\gitspace\myats\terra\thrift_include\zlib-1.2.8\contrib\vstudio\vc11\x86\zlibstatdebug\tmp\zip.obj
e:\gitspace\myats\terra\thrift_include\zlib-1.2.8\contrib\vstudio\vc11\x86\zlibstatdebug\tmp\crc32.obj
e:\gitspace\myats\terra\thrift_include\zlib-1.2.8\contrib\vstudio\vc11\x86\zlibstatdebug\tmp\inflate.obj
e:\gitspace\myats\terra\thrift_include\zlib-1.2.8\contrib\vstudio\vc11\x86\zlibstatdebug\tmp\gzclose.obj
e:\gitspace\myats\terra\thrift_include\zlib-1.2.8\contrib\vstudio\vc11\x86\zlibstatdebug\tmp\trees.obj
d:\workspace_2\fimm\myats\base\thrift\lib\windows_debug\zlibstat.lib
d:\workspace_2\fimm\myats\base\thrift\zlib-1.2.8\contrib\vstudio\vc11\x86\zlibstatdebug\tmp\zlib.res
d:\workspace_2\fimm\myats\base\thrift\zlib-1.2.8\contrib\vstudio\vc11\x86\zlibstatdebug\tmp\adler32.obj
d:\workspace_2\fimm\myats\base\thrift\zlib-1.2.8\contrib\vstudio\vc11\x86\zlibstatdebug\tmp\compress.obj
d:\workspace_2\fimm\myats\base\thrift\zlib-1.2.8\contrib\vstudio\vc11\x86\zlibstatdebug\tmp\crc32.obj
d:\workspace_2\fimm\myats\base\thrift\zlib-1.2.8\contrib\vstudio\vc11\x86\zlibstatdebug\tmp\deflate.obj
d:\workspace_2\fimm\myats\base\thrift\zlib-1.2.8\contrib\vstudio\vc11\x86\zlibstatdebug\tmp\gzclose.obj
d:\workspace_2\fimm\myats\base\thrift\zlib-1.2.8\contrib\vstudio\vc11\x86\zlibstatdebug\tmp\gzlib.obj
d:\workspace_2\fimm\myats\base\thrift\zlib-1.2.8\contrib\vstudio\vc11\x86\zlibstatdebug\tmp\gzread.obj
d:\workspace_2\fimm\myats\base\thrift\zlib-1.2.8\contrib\vstudio\vc11\x86\zlibstatdebug\tmp\gzwrite.obj
d:\workspace_2\fimm\myats\base\thrift\zlib-1.2.8\contrib\vstudio\vc11\x86\zlibstatdebug\tmp\infback.obj
d:\workspace_2\fimm\myats\base\thrift\zlib-1.2.8\contrib\vstudio\vc11\x86\zlibstatdebug\tmp\inffast.obj
d:\workspace_2\fimm\myats\base\thrift\zlib-1.2.8\contrib\vstudio\vc11\x86\zlibstatdebug\tmp\inflate.obj
d:\workspace_2\fimm\myats\base\thrift\zlib-1.2.8\contrib\vstudio\vc11\x86\zlibstatdebug\tmp\inftrees.obj
d:\workspace_2\fimm\myats\base\thrift\zlib-1.2.8\contrib\vstudio\vc11\x86\zlibstatdebug\tmp\ioapi.obj
d:\workspace_2\fimm\myats\base\thrift\zlib-1.2.8\contrib\vstudio\vc11\x86\zlibstatdebug\tmp\trees.obj
d:\workspace_2\fimm\myats\base\thrift\zlib-1.2.8\contrib\vstudio\vc11\x86\zlibstatdebug\tmp\uncompr.obj
d:\workspace_2\fimm\myats\base\thrift\zlib-1.2.8\contrib\vstudio\vc11\x86\zlibstatdebug\tmp\unzip.obj
d:\workspace_2\fimm\myats\base\thrift\zlib-1.2.8\contrib\vstudio\vc11\x86\zlibstatdebug\tmp\zip.obj
d:\workspace_2\fimm\myats\base\thrift\zlib-1.2.8\contrib\vstudio\vc11\x86\zlibstatdebug\tmp\zutil.obj
d:\workspace_2\fimm\myats\base\thrift\zlib-1.2.8\contrib\vstudio\vc11\..\..\..\..\lib\windows_debug\zlibstat.lib
d:\workspace_2\fimm\myats\base\thrift\zlib-1.2.8\contrib\vstudio\vc11\x86\zlibstatdebug\tmp\zlibstat.tlog\cl.command.1.tlog
d:\workspace_2\fimm\myats\base\thrift\zlib-1.2.8\contrib\vstudio\vc11\x86\zlibstatdebug\tmp\zlibstat.tlog\cl.read.1.tlog
d:\workspace_2\fimm\myats\base\thrift\zlib-1.2.8\contrib\vstudio\vc11\x86\zlibstatdebug\tmp\zlibstat.tlog\cl.write.1.tlog
d:\workspace_2\fimm\myats\base\thrift\zlib-1.2.8\contrib\vstudio\vc11\x86\zlibstatdebug\tmp\zlibstat.tlog\lib-link-cvtres.read.1.tlog
d:\workspace_2\fimm\myats\base\thrift\zlib-1.2.8\contrib\vstudio\vc11\x86\zlibstatdebug\tmp\zlibstat.tlog\lib-link-cvtres.write.1.tlog
d:\workspace_2\fimm\myats\base\thrift\zlib-1.2.8\contrib\vstudio\vc11\x86\zlibstatdebug\tmp\zlibstat.tlog\lib.command.1.tlog
d:\workspace_2\fimm\myats\base\thrift\zlib-1.2.8\contrib\vstudio\vc11\x86\zlibstatdebug\tmp\zlibstat.tlog\rc.command.1.tlog
d:\workspace_2\fimm\myats\base\thrift\zlib-1.2.8\contrib\vstudio\vc11\x86\zlibstatdebug\tmp\zlibstat.tlog\rc.read.1.tlog
d:\workspace_2\fimm\myats\base\thrift\zlib-1.2.8\contrib\vstudio\vc11\x86\zlibstatdebug\tmp\zlibstat.tlog\rc.write.1.tlog
